# JRE version: OpenJDK Runtime Environment Temurin-17.0.4.1+1 (17.0.4.1+1) (build 17.0.4.1+1)
# Java VM: OpenJDK 64-Bit Server VM Temurin-17.0.4.1+1 (17.0.4.1+1, mixed mode, tiered, compressed oops, compressed class ptrs, parallel gc, windows-amd64)
GC Precious Log:
 CPUs: 4 total, 4 available
 Memory: 4018M
 Large Page Support: Disabled
 NUMA Support: Disabled
 Compressed Oops: Enabled (32-bit)
 Alignments: Space 512K, Generation 512K, Heap 2M
 Heap Min Capacity: 100M
 Heap Initial Capacity: 100M
 Heap Max Capacity: 1G
 Pre-touch: Disabled
 Parallel Workers: 4
Heap:
 PSYoungGen      total 14848K, used 12578K [0x00000000eab00000, 0x00000000ebd00000, 0x0000000100000000)
  eden space 14336K, 87% used [0x00000000eab00000,0x00000000eb748ad0,0x00000000eb900000)
  from space 512K, 0% used [0x00000000ebc00000,0x00000000ebc00000,0x00000000ebc80000)
  to   space 512K, 0% used [0x00000000ebc80000,0x00000000ebc80000,0x00000000ebd00000)
 ParOldGen       total 68608K, used 45457K [0x00000000c0000000, 0x00000000c4300000, 0x00000000eab00000)
  object space 68608K, 66% used [0x00000000c0000000,0x00000000c2c645d0,0x00000000c4300000)
 Metaspace       used 60286K, committed 61184K, reserved 1105920K
  class space    used 7325K, committed 7744K, reserved 1048576K
GC Heap History (20 events):
Event: 431.415 GC heap before
{Heap before GC invocations=31 (full 2):
 PSYoungGen      total 14848K, used 14720K [0x00000000eab00000, 0x00000000ebf80000, 0x0000000100000000)
  eden space 14336K, 100% used [0x00000000eab00000,0x00000000eb900000,0x00000000eb900000)
  from space 512K, 75% used [0x00000000ebf00000,0x00000000ebf60000,0x00000000ebf80000)
  to   space 1024K, 0% used [0x00000000ebd80000,0x00000000ebd80000,0x00000000ebe80000)
 ParOldGen       total 68608K, used 41400K [0x00000000c0000000, 0x00000000c4300000, 0x00000000eab00000)
  object space 68608K, 60% used [0x00000000c0000000,0x00000000c286e2d0,0x00000000c4300000)
 Metaspace       used 51088K, committed 51904K, reserved 1097728K
  class space    used 5660K, committed 6016K, reserved 1048576K
}
Event: 431.416 GC heap after
{Heap after GC invocations=31 (full 2):
 PSYoungGen      total 15360K, used 1007K [0x00000000eab00000, 0x00000000ebf80000, 0x0000000100000000)
  eden space 14336K, 0% used [0x00000000eab00000,0x00000000eab00000,0x00000000eb900000)
  from space 1024K, 98% used [0x00000000ebd80000,0x00000000ebe7bd38,0x00000000ebe80000)
  to   space 1024K, 0% used [0x00000000ebe80000,0x00000000ebe80000,0x00000000ebf80000)
 ParOldGen       total 68608K, used 42125K [0x00000000c0000000, 0x00000000c4300000, 0x00000000eab00000)
  object space 68608K, 61% used [0x00000000c0000000,0x00000000c2923588,0x00000000c4300000)
 Metaspace       used 51088K, committed 51904K, reserved 1097728K
  class space    used 5660K, committed 6016K, reserved 1048576K
}
Event: 431.561 GC heap before
{Heap before GC invocations=32 (full 2):
 PSYoungGen      total 15360K, used 15343K [0x00000000eab00000, 0x00000000ebf80000, 0x0000000100000000)
  eden space 14336K, 100% used [0x00000000eab00000,0x00000000eb900000,0x00000000eb900000)
  from space 1024K, 98% used [0x00000000ebd80000,0x00000000ebe7bd38,0x00000000ebe80000)
  to   space 1024K, 0% used [0x00000000ebe80000,0x00000000ebe80000,0x00000000ebf80000)
 ParOldGen       total 68608K, used 42125K [0x00000000c0000000, 0x00000000c4300000, 0x00000000eab00000)
  object space 68608K, 61% used [0x00000000c0000000,0x00000000c2923588,0x00000000c4300000)
 Metaspace       used 51479K, committed 52352K, reserved 1097728K
  class space    used 5753K, committed 6144K, reserved 1048576K
}
Event: 431.563 GC heap after
{Heap after GC invocations=32 (full 2):
 PSYoungGen      total 15360K, used 1012K [0x00000000eab00000, 0x00000000ec200000, 0x0000000100000000)
  eden space 14336K, 0% used [0x00000000eab00000,0x00000000eab00000,0x00000000eb900000)
  from space 1024K, 98% used [0x00000000ebe80000,0x00000000ebf7d008,0x00000000ebf80000)
  to   space 4608K, 0% used [0x00000000eb900000,0x00000000eb900000,0x00000000ebd80000)
 ParOldGen       total 68608K, used 44956K [0x00000000c0000000, 0x00000000c4300000, 0x00000000eab00000)
  object space 68608K, 65% used [0x00000000c0000000,0x00000000c2be73c8,0x00000000c4300000)
 Metaspace       used 51479K, committed 52352K, reserved 1097728K
  class space    used 5753K, committed 6144K, reserved 1048576K
}
Event: 431.752 GC heap before
{Heap before GC invocations=33 (full 2):
 PSYoungGen      total 15360K, used 15348K [0x00000000eab00000, 0x00000000ec200000, 0x0000000100000000)
  eden space 14336K, 100% used [0x00000000eab00000,0x00000000eb900000,0x00000000eb900000)
  from space 1024K, 98% used [0x00000000ebe80000,0x00000000ebf7d008,0x00000000ebf80000)
  to   space 4608K, 0% used [0x00000000eb900000,0x00000000eb900000,0x00000000ebd80000)
 ParOldGen       total 68608K, used 44956K [0x00000000c0000000, 0x00000000c4300000, 0x00000000eab00000)
  object space 68608K, 65% used [0x00000000c0000000,0x00000000c2be73c8,0x00000000c4300000)
 Metaspace       used 52986K, committed 53760K, reserved 1097728K
  class space    used 6018K, committed 6400K, reserved 1048576K
}
Event: 431.754 GC heap after
{Heap after GC invocations=33 (full 2):
 PSYoungGen      total 14848K, used 480K [0x00000000eab00000, 0x00000000ebf00000, 0x0000000100000000)
  eden space 14336K, 0% used [0x00000000eab00000,0x00000000eab00000,0x00000000eb900000)
  from space 512K, 93% used [0x00000000eb900000,0x00000000eb978000,0x00000000eb980000)
  to   space 2048K, 0% used [0x00000000ebd00000,0x00000000ebd00000,0x00000000ebf00000)
 ParOldGen       total 68608K, used 45965K [0x00000000c0000000, 0x00000000c4300000, 0x00000000eab00000)
  object space 68608K, 66% used [0x00000000c0000000,0x00000000c2ce3730,0x00000000c4300000)
 Metaspace       used 52986K, committed 53760K, reserved 1097728K
  class space    used 6018K, committed 6400K, reserved 1048576K
}
Event: 431.894 GC heap before
{Heap before GC invocations=34 (full 2):
 PSYoungGen      total 14848K, used 14816K [0x00000000eab00000, 0x00000000ebf00000, 0x0000000100000000)
  eden space 14336K, 100% used [0x00000000eab00000,0x00000000eb900000,0x00000000eb900000)
  from space 512K, 93% used [0x00000000eb900000,0x00000000eb978000,0x00000000eb980000)
  to   space 2048K, 0% used [0x00000000ebd00000,0x00000000ebd00000,0x00000000ebf00000)
 ParOldGen       total 68608K, used 45965K [0x00000000c0000000, 0x00000000c4300000, 0x00000000eab00000)
  object space 68608K, 66% used [0x00000000c0000000,0x00000000c2ce3730,0x00000000c4300000)
 Metaspace       used 54611K, committed 55488K, reserved 1105920K
  class space    used 6269K, committed 6656K, reserved 1048576K
}
Event: 431.895 GC heap after
{Heap after GC invocations=34 (full 2):
 PSYoungGen      total 14848K, used 368K [0x00000000eab00000, 0x00000000ebd80000, 0x0000000100000000)
  eden space 14336K, 0% used [0x00000000eab00000,0x00000000eab00000,0x00000000eb900000)
  from space 512K, 71% used [0x00000000ebd00000,0x00000000ebd5c010,0x00000000ebd80000)
  to   space 1024K, 0% used [0x00000000ebb80000,0x00000000ebb80000,0x00000000ebc80000)
 ParOldGen       total 68608K, used 46365K [0x00000000c0000000, 0x00000000c4300000, 0x00000000eab00000)
  object space 68608K, 67% used [0x00000000c0000000,0x00000000c2d47770,0x00000000c4300000)
 Metaspace       used 54611K, committed 55488K, reserved 1105920K
  class space    used 6269K, committed 6656K, reserved 1048576K
}
Event: 432.269 GC heap before
{Heap before GC invocations=35 (full 2):
 PSYoungGen      total 14848K, used 14704K [0x00000000eab00000, 0x00000000ebd80000, 0x0000000100000000)
  eden space 14336K, 100% used [0x00000000eab00000,0x00000000eb900000,0x00000000eb900000)
  from space 512K, 71% used [0x00000000ebd00000,0x00000000ebd5c010,0x00000000ebd80000)
  to   space 1024K, 0% used [0x00000000ebb80000,0x00000000ebb80000,0x00000000ebc80000)
 ParOldGen       total 68608K, used 46365K [0x00000000c0000000, 0x00000000c4300000, 0x00000000eab00000)
  object space 68608K, 67% used [0x00000000c0000000,0x00000000c2d47770,0x00000000c4300000)
 Metaspace       used 55839K, committed 56704K, reserved 1105920K
  class space    used 6445K, committed 6912K, reserved 1048576K
}
Event: 432.270 GC heap after
{Heap after GC invocations=35 (full 2):
 PSYoungGen      total 15360K, used 849K [0x00000000eab00000, 0x00000000ebd80000, 0x0000000100000000)
  eden space 14336K, 0% used [0x00000000eab00000,0x00000000eab00000,0x00000000eb900000)
  from space 1024K, 82% used [0x00000000ebb80000,0x00000000ebc54480,0x00000000ebc80000)
  to   space 1024K, 0% used [0x00000000ebc80000,0x00000000ebc80000,0x00000000ebd80000)
 ParOldGen       total 68608K, used 46685K [0x00000000c0000000, 0x00000000c4300000, 0x00000000eab00000)
  object space 68608K, 68% used [0x00000000c0000000,0x00000000c2d97780,0x00000000c4300000)
 Metaspace       used 55839K, committed 56704K, reserved 1105920K
  class space    used 6445K, committed 6912K, reserved 1048576K
}
Event: 432.397 GC heap before
{Heap before GC invocations=36 (full 2):
 PSYoungGen      total 15360K, used 15185K [0x00000000eab00000, 0x00000000ebd80000, 0x0000000100000000)
  eden space 14336K, 100% used [0x00000000eab00000,0x00000000eb900000,0x00000000eb900000)
  from space 1024K, 82% used [0x00000000ebb80000,0x00000000ebc54480,0x00000000ebc80000)
  to   space 1024K, 0% used [0x00000000ebc80000,0x00000000ebc80000,0x00000000ebd80000)
 ParOldGen       total 68608K, used 46685K [0x00000000c0000000, 0x00000000c4300000, 0x00000000eab00000)
  object space 68608K, 68% used [0x00000000c0000000,0x00000000c2d97780,0x00000000c4300000)
 Metaspace       used 56920K, committed 57856K, reserved 1105920K
  class space    used 6647K, committed 7104K, reserved 1048576K
}
Event: 432.399 GC heap after
{Heap after GC invocations=36 (full 2):
 PSYoungGen      total 14848K, used 418K [0x00000000eab00000, 0x00000000ebd00000, 0x0000000100000000)
  eden space 14336K, 0% used [0x00000000eab00000,0x00000000eab00000,0x00000000eb900000)
  from space 512K, 81% used [0x00000000ebc80000,0x00000000ebce8920,0x00000000ebd00000)
  to   space 1024K, 0% used [0x00000000ebb00000,0x00000000ebb00000,0x00000000ebc00000)
 ParOldGen       total 68608K, used 47271K [0x00000000c0000000, 0x00000000c4300000, 0x00000000eab00000)
  object space 68608K, 68% used [0x00000000c0000000,0x00000000c2e29fc0,0x00000000c4300000)
 Metaspace       used 56920K, committed 57856K, reserved 1105920K
  class space    used 6647K, committed 7104K, reserved 1048576K
}
Event: 432.485 GC heap before
{Heap before GC invocations=37 (full 2):
 PSYoungGen      total 14848K, used 14754K [0x00000000eab00000, 0x00000000ebd00000, 0x0000000100000000)
  eden space 14336K, 100% used [0x00000000eab00000,0x00000000eb900000,0x00000000eb900000)
  from space 512K, 81% used [0x00000000ebc80000,0x00000000ebce8920,0x00000000ebd00000)
  to   space 1024K, 0% used [0x00000000ebb00000,0x00000000ebb00000,0x00000000ebc00000)
 ParOldGen       total 68608K, used 47271K [0x00000000c0000000, 0x00000000c4300000, 0x00000000eab00000)
  object space 68608K, 68% used [0x00000000c0000000,0x00000000c2e29fc0,0x00000000c4300000)
 Metaspace       used 57889K, committed 58752K, reserved 1105920K
  class space    used 6868K, committed 7296K, reserved 1048576K
}
Event: 432.485 GC heap after
{Heap after GC invocations=37 (full 2):
 PSYoungGen      total 15360K, used 192K [0x00000000eab00000, 0x00000000ebd00000, 0x0000000100000000)
  eden space 14336K, 0% used [0x00000000eab00000,0x00000000eab00000,0x00000000eb900000)
  from space 1024K, 18% used [0x00000000ebb00000,0x00000000ebb30000,0x00000000ebc00000)
  to   space 512K, 0% used [0x00000000ebc80000,0x00000000ebc80000,0x00000000ebd00000)
 ParOldGen       total 68608K, used 47372K [0x00000000c0000000, 0x00000000c4300000, 0x00000000eab00000)
  object space 68608K, 69% used [0x00000000c0000000,0x00000000c2e43318,0x00000000c4300000)
 Metaspace       used 57889K, committed 58752K, reserved 1105920K
  class space    used 6868K, committed 7296K, reserved 1048576K
}
Event: 432.577 GC heap before
{Heap before GC invocations=38 (full 2):
 PSYoungGen      total 15360K, used 14528K [0x00000000eab00000, 0x00000000ebd00000, 0x0000000100000000)
  eden space 14336K, 100% used [0x00000000eab00000,0x00000000eb900000,0x00000000eb900000)
  from space 1024K, 18% used [0x00000000ebb00000,0x00000000ebb30000,0x00000000ebc00000)
  to   space 512K, 0% used [0x00000000ebc80000,0x00000000ebc80000,0x00000000ebd00000)
 ParOldGen       total 68608K, used 47372K [0x00000000c0000000, 0x00000000c4300000, 0x00000000eab00000)
  object space 68608K, 69% used [0x00000000c0000000,0x00000000c2e43318,0x00000000c4300000)
 Metaspace       used 58533K, committed 59392K, reserved 1105920K
  class space    used 7037K, committed 7488K, reserved 1048576K
}
Event: 432.577 GC heap after
{Heap after GC invocations=38 (full 2):
 PSYoungGen      total 14848K, used 269K [0x00000000eab00000, 0x00000000ebd00000, 0x0000000100000000)
  eden space 14336K, 0% used [0x00000000eab00000,0x00000000eab00000,0x00000000eb900000)
  from space 512K, 52% used [0x00000000ebc80000,0x00000000ebcc37e0,0x00000000ebd00000)
  to   space 512K, 0% used [0x00000000ebc00000,0x00000000ebc00000,0x00000000ebc80000)
 ParOldGen       total 68608K, used 47476K [0x00000000c0000000, 0x00000000c4300000, 0x00000000eab00000)
  object space 68608K, 69% used [0x00000000c0000000,0x00000000c2e5d318,0x00000000c4300000)
 Metaspace       used 58533K, committed 59392K, reserved 1105920K
  class space    used 7037K, committed 7488K, reserved 1048576K
}
Event: 432.664 GC heap before
{Heap before GC invocations=39 (full 2):
 PSYoungGen      total 14848K, used 9896K [0x00000000eab00000, 0x00000000ebd00000, 0x0000000100000000)
  eden space 14336K, 67% used [0x00000000eab00000,0x00000000eb466b80,0x00000000eb900000)
  from space 512K, 52% used [0x00000000ebc80000,0x00000000ebcc37e0,0x00000000ebd00000)
  to   space 512K, 0% used [0x00000000ebc00000,0x00000000ebc00000,0x00000000ebc80000)
 ParOldGen       total 68608K, used 47476K [0x00000000c0000000, 0x00000000c4300000, 0x00000000eab00000)
  object space 68608K, 69% used [0x00000000c0000000,0x00000000c2e5d318,0x00000000c4300000)
 Metaspace       used 58925K, committed 59776K, reserved 1105920K
  class space    used 7127K, committed 7552K, reserved 1048576K
}
Event: 432.665 GC heap after
{Heap after GC invocations=39 (full 2):
 PSYoungGen      total 14848K, used 288K [0x00000000eab00000, 0x00000000ebd00000, 0x0000000100000000)
  eden space 14336K, 0% used [0x00000000eab00000,0x00000000eab00000,0x00000000eb900000)
  from space 512K, 56% used [0x00000000ebc00000,0x00000000ebc48000,0x00000000ebc80000)
  to   space 512K, 0% used [0x00000000ebc80000,0x00000000ebc80000,0x00000000ebd00000)
 ParOldGen       total 68608K, used 47596K [0x00000000c0000000, 0x00000000c4300000, 0x00000000eab00000)
  object space 68608K, 69% used [0x00000000c0000000,0x00000000c2e7b028,0x00000000c4300000)
 Metaspace       used 58925K, committed 59776K, reserved 1105920K
  class space    used 7127K, committed 7552K, reserved 1048576K
}
Event: 432.665 GC heap before
{Heap before GC invocations=40 (full 3):
 PSYoungGen      total 14848K, used 288K [0x00000000eab00000, 0x00000000ebd00000, 0x0000000100000000)
  eden space 14336K, 0% used [0x00000000eab00000,0x00000000eab00000,0x00000000eb900000)
  from space 512K, 56% used [0x00000000ebc00000,0x00000000ebc48000,0x00000000ebc80000)
  to   space 512K, 0% used [0x00000000ebc80000,0x00000000ebc80000,0x00000000ebd00000)
 ParOldGen       total 68608K, used 47596K [0x00000000c0000000, 0x00000000c4300000, 0x00000000eab00000)
  object space 68608K, 69% used [0x00000000c0000000,0x00000000c2e7b028,0x00000000c4300000)
 Metaspace       used 58925K, committed 59776K, reserved 1105920K
  class space    used 7127K, committed 7552K, reserved 1048576K
}
Event: 432.742 GC heap after
{Heap after GC invocations=40 (full 3):
 PSYoungGen      total 14848K, used 0K [0x00000000eab00000, 0x00000000ebd00000, 0x0000000100000000)
  eden space 14336K, 0% used [0x00000000eab00000,0x00000000eab00000,0x00000000eb900000)
  from space 512K, 0% used [0x00000000ebc00000,0x00000000ebc00000,0x00000000ebc80000)
  to   space 512K, 0% used [0x00000000ebc80000,0x00000000ebc80000,0x00000000ebd00000)
 ParOldGen       total 68608K, used 45457K [0x00000000c0000000, 0x00000000c4300000, 0x00000000eab00000)
  object space 68608K, 66% used [0x00000000c0000000,0x00000000c2c645d0,0x00000000c4300000)
 Metaspace       used 58925K, committed 59776K, reserved 1105920K
  class space    used 7127K, committed 7552K, reserved 1048576K
}

