# JRE version: OpenJDK Runtime Environment 18.9 (11.0.16+8) (build 11.0.16+8)
# Java VM: OpenJDK 64-Bit Server VM 18.9 (11.0.16+8, mixed mode, tiered, compressed oops, g1 gc, windows-amd64)
Heap:
 garbage-first heap   total 262144K, used 31788K [0x00000000e0000000, 0x0000000100000000)
  region size 1024K, 17 young (17408K), 3 survivors (3072K)
 Metaspace       used 27429K, capacity 28249K, committed 28464K, reserved 278528K
  class space    used 3583K, capacity 3863K, committed 3968K, reserved 253952K
GC Heap History (12 events):
Event: 0.419 GC heap before
{Heap before GC invocations=0 (full 0):
 garbage-first heap   total 262144K, used 16384K [0x00000000e0000000, 0x0000000100000000)
  region size 1024K, 14 young (14336K), 0 survivors (0K)
 Metaspace       used 6749K, capacity 6937K, committed 7168K, reserved 262144K
  class space    used 571K, capacity 650K, committed 768K, reserved 253952K
}
Event: 0.425 GC heap after
{Heap after GC invocations=1 (full 0):
 garbage-first heap   total 262144K, used 3680K [0x00000000e0000000, 0x0000000100000000)
  region size 1024K, 2 young (2048K), 2 survivors (2048K)
 Metaspace       used 6749K, capacity 6937K, committed 7168K, reserved 262144K
  class space    used 571K, capacity 650K, committed 768K, reserved 253952K
}
Event: 0.667 GC heap before
{Heap before GC invocations=1 (full 0):
 garbage-first heap   total 262144K, used 19040K [0x00000000e0000000, 0x0000000100000000)
  region size 1024K, 14 young (14336K), 2 survivors (2048K)
 Metaspace       used 10205K, capacity 10498K, committed 10624K, reserved 264192K
  class space    used 1043K, capacity 1138K, committed 1152K, reserved 253952K
}
Event: 0.669 GC heap after
{Heap after GC invocations=2 (full 0):
 garbage-first heap   total 262144K, used 9639K [0x00000000e0000000, 0x0000000100000000)
  region size 1024K, 2 young (2048K), 2 survivors (2048K)
 Metaspace       used 10205K, capacity 10498K, committed 10624K, reserved 264192K
  class space    used 1043K, capacity 1138K, committed 1152K, reserved 253952K
}
Event: 1.135 GC heap before
{Heap before GC invocations=2 (full 0):
 garbage-first heap   total 262144K, used 39335K [0x00000000e0000000, 0x0000000100000000)
  region size 1024K, 30 young (30720K), 2 survivors (2048K)
 Metaspace       used 11236K, capacity 11517K, committed 11776K, reserved 266240K
  class space    used 1144K, capacity 1243K, committed 1280K, reserved 253952K
}
Event: 1.138 GC heap after
{Heap after GC invocations=3 (full 0):
 garbage-first heap   total 262144K, used 12114K [0x00000000e0000000, 0x0000000100000000)
  region size 1024K, 4 young (4096K), 4 survivors (4096K)
 Metaspace       used 11236K, capacity 11517K, committed 11776K, reserved 266240K
  class space    used 1144K, capacity 1243K, committed 1280K, reserved 253952K
}
Event: 2.193 GC heap before
{Heap before GC invocations=3 (full 0):
 garbage-first heap   total 262144K, used 54098K [0x00000000e0000000, 0x0000000100000000)
  region size 1024K, 45 young (46080K), 4 survivors (4096K)
 Metaspace       used 18112K, capacity 18598K, committed 18688K, reserved 270336K
  class space    used 2105K, capacity 2257K, committed 2304K, reserved 253952K
}
Event: 2.199 GC heap after
{Heap after GC invocations=4 (full 0):
 garbage-first heap   total 262144K, used 16546K [0x00000000e0000000, 0x0000000100000000)
  region size 1024K, 6 young (6144K), 6 survivors (6144K)
 Metaspace       used 18112K, capacity 18598K, committed 18688K, reserved 270336K
  class space    used 2105K, capacity 2257K, committed 2304K, reserved 253952K
}
Event: 2.416 GC heap before
{Heap before GC invocations=4 (full 0):
 garbage-first heap   total 262144K, used 36002K [0x00000000e0000000, 0x0000000100000000)
  region size 1024K, 26 young (26624K), 6 survivors (6144K)
 Metaspace       used 20707K, capacity 21157K, committed 21296K, reserved 274432K
  class space    used 2486K, capacity 2638K, committed 2688K, reserved 253952K
}
Event: 2.421 GC heap after
{Heap after GC invocations=5 (full 0):
 garbage-first heap   total 262144K, used 17643K [0x00000000e0000000, 0x0000000100000000)
  region size 1024K, 1 young (1024K), 1 survivors (1024K)
 Metaspace       used 20707K, capacity 21157K, committed 21296K, reserved 274432K
  class space    used 2486K, capacity 2638K, committed 2688K, reserved 253952K
}
Event: 2.942 GC heap before
{Heap before GC invocations=6 (full 0):
 garbage-first heap   total 262144K, used 73963K [0x00000000e0000000, 0x0000000100000000)
  region size 1024K, 56 young (57344K), 1 survivors (1024K)
 Metaspace       used 26247K, capacity 26934K, committed 27184K, reserved 278528K
  class space    used 3389K, capacity 3635K, committed 3712K, reserved 253952K
}
Event: 2.947 GC heap after
{Heap after GC invocations=7 (full 0):
 garbage-first heap   total 262144K, used 19500K [0x00000000e0000000, 0x0000000100000000)
  region size 1024K, 3 young (3072K), 3 survivors (3072K)
 Metaspace       used 26247K, capacity 26934K, committed 27184K, reserved 278528K
  class space    used 3389K, capacity 3635K, committed 3712K, reserved 253952K
}

