# JRE version: OpenJDK Runtime Environment 18.9 (11.0.16+8) (build 11.0.16+8)
# Java VM: OpenJDK 64-Bit Server VM 18.9 (11.0.16+8, mixed mode, tiered, compressed oops, g1 gc, windows-amd64)
Heap:
 garbage-first heap   total 262144K, used 97608K [0x00000000e0000000, 0x0000000100000000)
  region size 1024K, 50 young (51200K), 5 survivors (5120K)
 Metaspace       used 60821K, capacity 62923K, committed 63132K, reserved 1105920K
  class space    used 6560K, capacity 7508K, committed 7552K, reserved 1048576K
GC Heap History (20 events):
Event: 2.825 GC heap before
{Heap before GC invocations=2 (full 0):
 garbage-first heap   total 262144K, used 43900K [0x00000000e0000000, 0x0000000100000000)
  region size 1024K, 25 young (25600K), 1 survivors (1024K)
 Metaspace       used 20557K, capacity 21165K, committed 21296K, reserved 1069056K
  class space    used 2159K, capacity 2396K, committed 2432K, reserved 1048576K
}
Event: 2.828 GC heap after
{Heap after GC invocations=3 (full 0):
 garbage-first heap   total 262144K, used 22401K [0x00000000e0000000, 0x0000000100000000)
  region size 1024K, 2 young (2048K), 2 survivors (2048K)
 Metaspace       used 20557K, capacity 21165K, committed 21296K, reserved 1069056K
  class space    used 2159K, capacity 2396K, committed 2432K, reserved 1048576K
}
Event: 3.256 GC heap before
{Heap before GC invocations=4 (full 0):
 garbage-first heap   total 262144K, used 58241K [0x00000000e0000000, 0x0000000100000000)
  region size 1024K, 38 young (38912K), 2 survivors (2048K)
 Metaspace       used 23961K, capacity 24649K, committed 24752K, reserved 1071104K
  class space    used 2485K, capacity 2754K, committed 2816K, reserved 1048576K
}
Event: 3.260 GC heap after
{Heap after GC invocations=5 (full 0):
 garbage-first heap   total 262144K, used 24063K [0x00000000e0000000, 0x0000000100000000)
  region size 1024K, 4 young (4096K), 4 survivors (4096K)
 Metaspace       used 23961K, capacity 24649K, committed 24752K, reserved 1071104K
  class space    used 2485K, capacity 2754K, committed 2816K, reserved 1048576K
}
Event: 3.689 GC heap before
{Heap before GC invocations=5 (full 0):
 garbage-first heap   total 262144K, used 81407K [0x00000000e0000000, 0x0000000100000000)
  region size 1024K, 60 young (61440K), 4 survivors (4096K)
 Metaspace       used 28271K, capacity 29013K, committed 29232K, reserved 1075200K
  class space    used 2832K, capacity 3124K, committed 3200K, reserved 1048576K
}
Event: 3.694 GC heap after
{Heap after GC invocations=6 (full 0):
 garbage-first heap   total 262144K, used 26916K [0x00000000e0000000, 0x0000000100000000)
  region size 1024K, 6 young (6144K), 6 survivors (6144K)
 Metaspace       used 28271K, capacity 29013K, committed 29232K, reserved 1075200K
  class space    used 2832K, capacity 3124K, committed 3200K, reserved 1048576K
}
Event: 4.037 GC heap before
{Heap before GC invocations=6 (full 0):
 garbage-first heap   total 262144K, used 138532K [0x00000000e0000000, 0x0000000100000000)
  region size 1024K, 116 young (118784K), 6 survivors (6144K)
 Metaspace       used 34965K, capacity 35807K, committed 35888K, reserved 1081344K
  class space    used 3550K, capacity 3929K, committed 3968K, reserved 1048576K
}
Event: 4.045 GC heap after
{Heap after GC invocations=7 (full 0):
 garbage-first heap   total 262144K, used 28684K [0x00000000e0000000, 0x0000000100000000)
  region size 1024K, 8 young (8192K), 8 survivors (8192K)
 Metaspace       used 34965K, capacity 35807K, committed 35888K, reserved 1081344K
  class space    used 3550K, capacity 3929K, committed 3968K, reserved 1048576K
}
Event: 4.424 GC heap before
{Heap before GC invocations=8 (full 0):
 garbage-first heap   total 262144K, used 164876K [0x00000000e0000000, 0x0000000100000000)
  region size 1024K, 141 young (144384K), 8 survivors (8192K)
 Metaspace       used 40846K, capacity 41951K, committed 42032K, reserved 1087488K
  class space    used 4198K, capacity 4714K, committed 4736K, reserved 1048576K
}
Event: 4.432 GC heap after
{Heap after GC invocations=9 (full 0):
 garbage-first heap   total 262144K, used 31676K [0x00000000e0000000, 0x0000000100000000)
  region size 1024K, 11 young (11264K), 11 survivors (11264K)
 Metaspace       used 40846K, capacity 41951K, committed 42032K, reserved 1087488K
  class space    used 4198K, capacity 4714K, committed 4736K, reserved 1048576K
}
Event: 4.845 GC heap before
{Heap before GC invocations=9 (full 0):
 garbage-first heap   total 262144K, used 176060K [0x00000000e0000000, 0x0000000100000000)
  region size 1024K, 153 young (156672K), 11 survivors (11264K)
 Metaspace       used 45314K, capacity 46456K, committed 46640K, reserved 1091584K
  class space    used 4693K, capacity 5196K, committed 5248K, reserved 1048576K
}
Event: 4.855 GC heap after
{Heap after GC invocations=10 (full 0):
 garbage-first heap   total 262144K, used 32497K [0x00000000e0000000, 0x0000000100000000)
  region size 1024K, 12 young (12288K), 12 survivors (12288K)
 Metaspace       used 45314K, capacity 46456K, committed 46640K, reserved 1091584K
  class space    used 4693K, capacity 5196K, committed 5248K, reserved 1048576K
}
Event: 5.540 GC heap before
{Heap before GC invocations=10 (full 0):
 garbage-first heap   total 262144K, used 176881K [0x00000000e0000000, 0x0000000100000000)
  region size 1024K, 153 young (156672K), 12 survivors (12288K)
 Metaspace       used 51311K, capacity 52888K, committed 53040K, reserved 1095680K
  class space    used 5515K, capacity 6232K, committed 6272K, reserved 1048576K
}
Event: 5.551 GC heap after
{Heap after GC invocations=11 (full 0):
 garbage-first heap   total 262144K, used 34553K [0x00000000e0000000, 0x0000000100000000)
  region size 1024K, 12 young (12288K), 12 survivors (12288K)
 Metaspace       used 51311K, capacity 52888K, committed 53040K, reserved 1095680K
  class space    used 5515K, capacity 6232K, committed 6272K, reserved 1048576K
}
Event: 6.143 GC heap before
{Heap before GC invocations=11 (full 0):
 garbage-first heap   total 262144K, used 177913K [0x00000000e0000000, 0x0000000100000000)
  region size 1024K, 153 young (156672K), 12 survivors (12288K)
 Metaspace       used 56239K, capacity 58004K, committed 58160K, reserved 1099776K
  class space    used 6163K, capacity 6985K, committed 7040K, reserved 1048576K
}
Event: 6.153 GC heap after
{Heap after GC invocations=12 (full 0):
 garbage-first heap   total 262144K, used 36683K [0x00000000e0000000, 0x0000000100000000)
  region size 1024K, 13 young (13312K), 13 survivors (13312K)
 Metaspace       used 56239K, capacity 58004K, committed 58160K, reserved 1099776K
  class space    used 6163K, capacity 6985K, committed 7040K, reserved 1048576K
}
Event: 6.795 GC heap before
{Heap before GC invocations=12 (full 0):
 garbage-first heap   total 262144K, used 105291K [0x00000000e0000000, 0x0000000100000000)
  region size 1024K, 80 young (81920K), 13 survivors (13312K)
 Metaspace       used 58258K, capacity 60168K, committed 60240K, reserved 1101824K
  class space    used 6282K, capacity 7147K, committed 7168K, reserved 1048576K
}
Event: 6.820 GC heap after
{Heap after GC invocations=13 (full 0):
 garbage-first heap   total 262144K, used 49220K [0x00000000e0000000, 0x0000000100000000)
  region size 1024K, 20 young (20480K), 20 survivors (20480K)
 Metaspace       used 58258K, capacity 60168K, committed 60240K, reserved 1101824K
  class space    used 6282K, capacity 7147K, committed 7168K, reserved 1048576K
}
Event: 7.400 GC heap before
{Heap before GC invocations=14 (full 0):
 garbage-first heap   total 262144K, used 184388K [0x00000000e0000000, 0x0000000100000000)
  region size 1024K, 153 young (156672K), 20 survivors (20480K)
 Metaspace       used 60527K, capacity 62641K, committed 62876K, reserved 1105920K
  class space    used 6539K, capacity 7500K, committed 7552K, reserved 1048576K
}
Event: 7.423 GC heap after
{Heap after GC invocations=15 (full 0):
 garbage-first heap   total 262144K, used 52552K [0x00000000e0000000, 0x0000000100000000)
  region size 1024K, 5 young (5120K), 5 survivors (5120K)
 Metaspace       used 60527K, capacity 62641K, committed 62876K, reserved 1105920K
  class space    used 6539K, capacity 7500K, committed 7552K, reserved 1048576K
}

